<?xml version="1.0" encoding="UTF-8"?>
<!-- Generated by org.testng.reporters.JUnitXMLReporter -->
<testsuite ignored="4" hostname="DESKTOP-I5PORJC" failures="0" tests="1" name="Default test" time="14.906" errors="0" timestamp="2025-08-29T14:40:13 IST">
  <testcase classname="demoTestCctech.AutomationPracticeFormTest" name="testValidFormSubmission" time="13.02"/>
  <testcase classname="demoTestCctech.AutomationPracticeFormTest" name="testInvalidEmailFormat" time="0.0">
    <ignored/>
  </testcase> <!-- testInvalidEmailFormat -->
  <testcase classname="demoTestCctech.AutomationPracticeFormTest" name="testFutureDateOfBirth" time="0.0">
    <ignored/>
  </testcase> <!-- testFutureDateOfBirth -->
  <testcase classname="demoTestCctech.AutomationPracticeFormTest" name="testBlankFirstName" time="0.0">
    <ignored/>
  </testcase> <!-- testBlankFirstName -->
  <testcase classname="demoTestCctech.AutomationPracticeFormTest" name="testPhoneNumberWithIncorrectLength" time="0.0">
    <ignored/>
  </testcase> <!-- testPhoneNumberWithIncorrectLength -->
</testsuite> <!-- Default test -->
