<?xml version="1.0" encoding="UTF-8"?>
<testng-results ignored="4" total="5" passed="1" failed="0" skipped="0">
  <reporter-output>
  </reporter-output>
  <suite started-at="2025-08-29T14:39:58 IST" name="Default suite" finished-at="2025-08-29T14:40:13 IST" duration-ms="14906">
    <groups>
    </groups>
    <test started-at="2025-08-29T14:39:58 IST" name="Default test" finished-at="2025-08-29T14:40:13 IST" duration-ms="14906">
      <class name="demoTestCctech.AutomationPracticeFormTest">
        <test-method is-config="true" signature="setup()[pri:0, instance:demoTestCctech.AutomationPracticeFormTest@3b69e7d1]" started-at="2025-08-29T14:39:58 IST" name="setup" finished-at="2025-08-29T14:39:59 IST" duration-ms="1390" status="PASS">
          <reporter-output>
          </reporter-output>
        </test-method> <!-- setup -->
        <test-method signature="testValidFormSubmission()[pri:1, instance:demoTestCctech.AutomationPracticeFormTest@3b69e7d1]" started-at="2025-08-29T14:39:59 IST" name="testValidFormSubmission" finished-at="2025-08-29T14:40:12 IST" duration-ms="13020" status="PASS">
          <reporter-output>
          </reporter-output>
        </test-method> <!-- testValidFormSubmission -->
        <test-method is-config="true" signature="captureScreenshot(org.testng.ITestResult)[pri:0, instance:demoTestCctech.AutomationPracticeFormTest@3b69e7d1]" started-at="2025-08-29T14:40:12 IST" name="captureScreenshot" finished-at="2025-08-29T14:40:12 IST" duration-ms="234" status="PASS">
          <params>
            <param index="0">
              <value>
                <![CDATA[[TestResult name=testValidFormSubmission status=SUCCESS method=AutomationPracticeFormTest.testValidFormSubmission()[pri:1, instance:demoTestCctech.AutomationPracticeFormTest@3b69e7d1] output={null}]]]>
              </value>
            </param>
          </params>
          <reporter-output>
          </reporter-output>
        </test-method> <!-- captureScreenshot -->
        <test-method is-config="true" signature="teardown()[pri:0, instance:demoTestCctech.AutomationPracticeFormTest@3b69e7d1]" started-at="2025-08-29T14:40:12 IST" name="teardown" finished-at="2025-08-29T14:40:13 IST" duration-ms="223" status="PASS">
          <reporter-output>
          </reporter-output>
        </test-method> <!-- teardown -->
      </class> <!-- demoTestCctech.AutomationPracticeFormTest -->
    </test> <!-- Default test -->
  </suite> <!-- Default suite -->
</testng-results>
